This is pdfTeX, Version 3.141592653-2.6-1.40.25 (MiKTeX 23.10) (preloaded format=pdflatex 2023.10.7)  6 NOV 2023 21:40
entering extended mode
 restricted \write18 enabled.
 file:line:error style messages enabled.
 %&-line parsing enabled.
**"c:/Users/Louis/Desktop/tableau variation/tableau_latex.tex"
(c:/Users/Louis/Desktop/tableau variation/tableau_latex.tex
LaTeX2e <2023-06-01> patch level 1
L3 programming layer <2023-08-29>
)
! Emergency stop.
<*> ...esktop/tableau variation/tableau_latex.tex"
                                                  
*** (job aborted, no legal \end found)

 
Here is how much of TeX's memory you used:
 19 strings out of 475247
 538 string characters out of 5757792
 1917785 words of memory out of 5000000
 21643 multiletter control sequences out of 15000+600000
 558069 words of font info for 36 fonts, out of 8000000 for 9000
 1141 hyphenation exceptions out of 8191
 13i,0n,12p,92b,9s stack positions out of 10000i,1000n,20000p,200000b,200000s
!  ==> Fatal error occurred, no output PDF file produced!
